<?xml version="1.0" encoding="UTF-8"?>
<!-- Generated by org.testng.reporters.JUnitReportReporter -->
<testsuite hostname="DESKTOP-6RCN4TN" failures="0" tests="2" name="com.capstone.AadharCitizen" time="14.448" errors="0" timestamp="2022-10-14T00:46:25 IST" skipped="0">
  <testcase classname="com.capstone.AadharCitizen" name="CitizenCheck" time="10.839"/>
  <system-out/>
  <testcase classname="com.capstone.AadharCitizen" name="ChromeBrowser" time="3.609"/>
  <system-out/>
</testsuite> <!-- com.capstone.AadharCitizen -->
